<?xml version="1.0" encoding="UTF-8" ?>
<testsuite errors="0" failures="1" hostname="ndaba" name="racetrack.RaceControllerTests" tests="1" time="3.282" timestamp="2013-12-08T20:34:39">
  <properties />
  <testcase classname="racetrack.RaceControllerTests" name="testSomething" time="3.212">
    <failure message="junit.framework.AssertionFailedError: Implement me" type="junit.framework.AssertionFailedError">junit.framework.AssertionFailedError: junit.framework.AssertionFailedError: Implement me
	at racetrack.RaceControllerTests.testSomething(RaceControllerTests.groovy:15)
</failure>
  </testcase>
  <system-out><![CDATA[--Output from testSomething--
]]></system-out>
  <system-err><![CDATA[--Output from testSomething--
]]></system-err>
</testsuite>
